<?xml version="1.0" encoding="UTF-8"?>
<coverage generated="1770398408344" clover="3.2.0">
  <project timestamp="1770398408344" name="All files">
    <metrics statements="29" coveredstatements="29" conditionals="34" coveredconditionals="34" methods="5" coveredmethods="4" elements="68" coveredelements="67" complexity="0" loc="29" ncloc="29" packages="1" files="2" classes="2"/>
    <file name="module.js" path="/Users/yoann/Documents/Ynov/tests/test_unit/module.js">
      <metrics statements="9" coveredstatements="9" conditionals="12" coveredconditionals="12" methods="1" coveredmethods="1"/>
      <line num="9" count="21" type="cond" truecount="6" falsecount="0"/>
      <line num="10" count="9" type="stmt"/>
      <line num="11" count="12" type="cond" truecount="4" falsecount="0"/>
      <line num="12" count="4" type="stmt"/>
      <line num="13" count="8" type="cond" truecount="2" falsecount="0"/>
      <line num="14" count="2" type="stmt"/>
      <line num="19" count="6" type="stmt"/>
      <line num="20" count="6" type="stmt"/>
      <line num="21" count="6" type="stmt"/>
    </file>
    <file name="validator.js" path="/Users/yoann/Documents/Ynov/tests/test_unit/validator.js">
      <metrics statements="20" coveredstatements="20" conditionals="22" coveredconditionals="22" methods="4" coveredmethods="3"/>
      <line num="10" count="9" type="stmt"/>
      <line num="11" count="2" type="stmt"/>
      <line num="13" count="2" type="stmt"/>
      <line num="23" count="21" type="cond" truecount="5" falsecount="0"/>
      <line num="24" count="4" type="stmt"/>
      <line num="26" count="17" type="stmt"/>
      <line num="27" count="17" type="stmt"/>
      <line num="28" count="17" type="cond" truecount="2" falsecount="0"/>
      <line num="33" count="3" type="stmt"/>
      <line num="36" count="14" type="stmt"/>
      <line num="37" count="14" type="stmt"/>
      <line num="39" count="14" type="stmt"/>
      <line num="49" count="22" type="cond" truecount="6" falsecount="0"/>
      <line num="50" count="7" type="stmt"/>
      <line num="52" count="15" type="stmt"/>
      <line num="53" count="15" type="cond" truecount="4" falsecount="0"/>
      <line num="54" count="2" type="stmt"/>
      <line num="56" count="13" type="stmt"/>
      <line num="58" count="13" type="cond" truecount="2" falsecount="0"/>
      <line num="60" count="13" type="stmt"/>
    </file>
  </project>
</coverage>
