<?xml version="1.0" encoding="UTF-8"?>
<coverage generated="1770399067964" clover="3.2.0">
  <project timestamp="1770399067964" name="All files">
    <metrics statements="36" coveredstatements="36" conditionals="41" coveredconditionals="41" methods="5" coveredmethods="5" elements="82" coveredelements="82" complexity="0" loc="36" ncloc="36" packages="1" files="2" classes="2"/>
    <file name="module.js" path="/Users/yoann/Documents/Ynov/tests/test_unit/module.js">
      <metrics statements="9" coveredstatements="9" conditionals="12" coveredconditionals="12" methods="1" coveredmethods="1"/>
      <line num="9" count="21" type="cond" truecount="6" falsecount="0"/>
      <line num="10" count="9" type="stmt"/>
      <line num="11" count="12" type="cond" truecount="4" falsecount="0"/>
      <line num="12" count="4" type="stmt"/>
      <line num="13" count="8" type="cond" truecount="2" falsecount="0"/>
      <line num="14" count="2" type="stmt"/>
      <line num="19" count="6" type="stmt"/>
      <line num="20" count="6" type="stmt"/>
      <line num="21" count="6" type="stmt"/>
    </file>
    <file name="validator.js" path="/Users/yoann/Documents/Ynov/tests/test_unit/validator.js">
      <metrics statements="27" coveredstatements="27" conditionals="29" coveredconditionals="29" methods="4" coveredmethods="4"/>
      <line num="10" count="9" type="stmt"/>
      <line num="11" count="2" type="stmt"/>
      <line num="13" count="2" type="stmt"/>
      <line num="23" count="21" type="cond" truecount="5" falsecount="0"/>
      <line num="24" count="4" type="stmt"/>
      <line num="26" count="17" type="stmt"/>
      <line num="27" count="17" type="stmt"/>
      <line num="28" count="17" type="cond" truecount="2" falsecount="0"/>
      <line num="33" count="3" type="stmt"/>
      <line num="36" count="14" type="stmt"/>
      <line num="37" count="14" type="stmt"/>
      <line num="39" count="14" type="stmt"/>
      <line num="49" count="22" type="cond" truecount="6" falsecount="0"/>
      <line num="50" count="7" type="stmt"/>
      <line num="52" count="15" type="stmt"/>
      <line num="53" count="15" type="cond" truecount="4" falsecount="0"/>
      <line num="54" count="2" type="stmt"/>
      <line num="56" count="13" type="stmt"/>
      <line num="58" count="13" type="cond" truecount="2" falsecount="0"/>
      <line num="60" count="13" type="stmt"/>
      <line num="70" count="30" type="cond" truecount="5" falsecount="0"/>
      <line num="71" count="5" type="stmt"/>
      <line num="73" count="25" type="stmt"/>
      <line num="74" count="25" type="cond" truecount="2" falsecount="0"/>
      <line num="77" count="23" type="stmt"/>
      <line num="78" count="23" type="stmt"/>
      <line num="80" count="23" type="stmt"/>
    </file>
  </project>
</coverage>
