{"/Users/yoann/Documents/Ynov/tests/test_unit/module.js": {"path":"/Users/yoann/Documents/Ynov/tests/test_unit/module.js","statementMap":{"0":{"start":{"line":9,"column":2},"end":{"line":17,"column":3}},"1":{"start":{"line":10,"column":4},"end":{"line":10,"column":37}},"2":{"start":{"line":11,"column":9},"end":{"line":17,"column":3}},"3":{"start":{"line":12,"column":4},"end":{"line":12,"column":33}},"4":{"start":{"line":13,"column":9},"end":{"line":17,"column":3}},"5":{"start":{"line":14,"column":4},"end":{"line":16,"column":6}},"6":{"start":{"line":19,"column":17},"end":{"line":19,"column":57}},"7":{"start":{"line":20,"column":12},"end":{"line":20,"column":54}},"8":{"start":{"line":21,"column":2},"end":{"line":21,"column":13}}},"fnMap":{"0":{"name":"calculateAge","decl":{"start":{"line":8,"column":16},"end":{"line":8,"column":28}},"loc":{"start":{"line":8,"column":32},"end":{"line":22,"column":1}},"line":8}},"branchMap":{"0":{"loc":{"start":{"line":9,"column":2},"end":{"line":17,"column":3}},"type":"if","locations":[{"start":{"line":9,"column":2},"end":{"line":17,"column":3}},{"start":{"line":11,"column":9},"end":{"line":17,"column":3}}],"line":9},"1":{"loc":{"start":{"line":9,"column":6},"end":{"line":9,"column":65}},"type":"binary-expr","locations":[{"start":{"line":9,"column":6},"end":{"line":9,"column":8}},{"start":{"line":9,"column":12},"end":{"line":9,"column":20}},{"start":{"line":9,"column":24},"end":{"line":9,"column":40}},{"start":{"line":9,"column":44},"end":{"line":9,"column":65}}],"line":9},"2":{"loc":{"start":{"line":11,"column":9},"end":{"line":17,"column":3}},"type":"if","locations":[{"start":{"line":11,"column":9},"end":{"line":17,"column":3}},{"start":{"line":13,"column":9},"end":{"line":17,"column":3}}],"line":11},"3":{"loc":{"start":{"line":11,"column":13},"end":{"line":11,"column":67}},"type":"binary-expr","locations":[{"start":{"line":11,"column":13},"end":{"line":11,"column":39}},{"start":{"line":11,"column":43},"end":{"line":11,"column":67}}],"line":11},"4":{"loc":{"start":{"line":13,"column":9},"end":{"line":17,"column":3}},"type":"if","locations":[{"start":{"line":13,"column":9},"end":{"line":17,"column":3}},{"start":{},"end":{}}],"line":13}},"s":{"0":21,"1":9,"2":12,"3":4,"4":8,"5":2,"6":6,"7":6,"8":6},"f":{"0":21},"b":{"0":[9,12],"1":[21,19,12,12],"2":[4,8],"3":[12,10],"4":[2,6]},"_coverageSchema":"1a1c01bbd47fc00a2c39e90264f33305004495a9","hash":"b52de29124f3bccb8c2d94dc97c39a11c1307940"}
,"/Users/yoann/Documents/Ynov/tests/test_unit/validator.js": {"path":"/Users/yoann/Documents/Ynov/tests/test_unit/validator.js","statementMap":{"0":{"start":{"line":10,"column":14},"end":{"line":10,"column":29}},"1":{"start":{"line":11,"column":18},"end":{"line":11,"column":36}},"2":{"start":{"line":13,"column":2},"end":{"line":13,"column":17}}},"fnMap":{"0":{"name":"validateAge","decl":{"start":{"line":9,"column":16},"end":{"line":9,"column":27}},"loc":{"start":{"line":9,"column":31},"end":{"line":14,"column":1}},"line":9},"1":{"name":"validateZipCode","decl":{"start":{"line":22,"column":16},"end":{"line":22,"column":31}},"loc":{"start":{"line":22,"column":35},"end":{"line":22,"column":37}},"line":22},"2":{"name":"validateIndentity","decl":{"start":{"line":30,"column":16},"end":{"line":30,"column":33}},"loc":{"start":{"line":30,"column":37},"end":{"line":30,"column":39}},"line":30},"3":{"name":"validateEmail","decl":{"start":{"line":38,"column":16},"end":{"line":38,"column":29}},"loc":{"start":{"line":38,"column":33},"end":{"line":38,"column":35}},"line":38}},"branchMap":{},"s":{"0":9,"1":2,"2":2},"f":{"0":9,"1":0,"2":0,"3":0},"b":{},"_coverageSchema":"1a1c01bbd47fc00a2c39e90264f33305004495a9","hash":"42d487508e4682166f450a71f08a44ccc2f424d0"}
}
