{"/Users/yoann/Documents/Ynov/tests/test_unit/module.js": {"path":"/Users/yoann/Documents/Ynov/tests/test_unit/module.js","statementMap":{"0":{"start":{"line":9,"column":2},"end":{"line":22,"column":3}},"1":{"start":{"line":10,"column":18},"end":{"line":10,"column":20}},"2":{"start":{"line":11,"column":4},"end":{"line":11,"column":26}},"3":{"start":{"line":11,"column":12},"end":{"line":11,"column":26}},"4":{"start":{"line":12,"column":4},"end":{"line":12,"column":41}},"5":{"start":{"line":12,"column":23},"end":{"line":12,"column":41}},"6":{"start":{"line":13,"column":4},"end":{"line":13,"column":68}},"7":{"start":{"line":13,"column":37},"end":{"line":13,"column":68}},"8":{"start":{"line":15,"column":4},"end":{"line":15,"column":49}},"9":{"start":{"line":16,"column":9},"end":{"line":22,"column":3}},"10":{"start":{"line":17,"column":4},"end":{"line":17,"column":57}},"11":{"start":{"line":18,"column":9},"end":{"line":22,"column":3}},"12":{"start":{"line":19,"column":4},"end":{"line":21,"column":6}},"13":{"start":{"line":24,"column":17},"end":{"line":24,"column":57}},"14":{"start":{"line":25,"column":12},"end":{"line":25,"column":54}},"15":{"start":{"line":26,"column":2},"end":{"line":26,"column":13}}},"fnMap":{"0":{"name":"calculateAge","decl":{"start":{"line":8,"column":16},"end":{"line":8,"column":28}},"loc":{"start":{"line":8,"column":32},"end":{"line":27,"column":1}},"line":8}},"branchMap":{"0":{"loc":{"start":{"line":9,"column":2},"end":{"line":22,"column":3}},"type":"if","locations":[{"start":{"line":9,"column":2},"end":{"line":22,"column":3}},{"start":{"line":16,"column":9},"end":{"line":22,"column":3}}],"line":9},"1":{"loc":{"start":{"line":9,"column":6},"end":{"line":9,"column":20}},"type":"binary-expr","locations":[{"start":{"line":9,"column":6},"end":{"line":9,"column":8}},{"start":{"line":9,"column":12},"end":{"line":9,"column":20}}],"line":9},"2":{"loc":{"start":{"line":11,"column":4},"end":{"line":11,"column":26}},"type":"if","locations":[{"start":{"line":11,"column":4},"end":{"line":11,"column":26}},{"start":{},"end":{}}],"line":11},"3":{"loc":{"start":{"line":12,"column":4},"end":{"line":12,"column":41}},"type":"if","locations":[{"start":{"line":12,"column":4},"end":{"line":12,"column":41}},{"start":{},"end":{}}],"line":12},"4":{"loc":{"start":{"line":12,"column":8},"end":{"line":12,"column":21}},"type":"binary-expr","locations":[{"start":{"line":12,"column":8},"end":{"line":12,"column":9}},{"start":{"line":12,"column":13},"end":{"line":12,"column":21}}],"line":12},"5":{"loc":{"start":{"line":13,"column":4},"end":{"line":13,"column":68}},"type":"if","locations":[{"start":{"line":13,"column":4},"end":{"line":13,"column":68}},{"start":{},"end":{}}],"line":13},"6":{"loc":{"start":{"line":13,"column":8},"end":{"line":13,"column":35}},"type":"binary-expr","locations":[{"start":{"line":13,"column":8},"end":{"line":13,"column":9}},{"start":{"line":13,"column":13},"end":{"line":13,"column":35}}],"line":13},"7":{"loc":{"start":{"line":16,"column":9},"end":{"line":22,"column":3}},"type":"if","locations":[{"start":{"line":16,"column":9},"end":{"line":22,"column":3}},{"start":{"line":18,"column":9},"end":{"line":22,"column":3}}],"line":16},"8":{"loc":{"start":{"line":16,"column":13},"end":{"line":16,"column":67}},"type":"binary-expr","locations":[{"start":{"line":16,"column":13},"end":{"line":16,"column":39}},{"start":{"line":16,"column":43},"end":{"line":16,"column":67}}],"line":16},"9":{"loc":{"start":{"line":18,"column":9},"end":{"line":22,"column":3}},"type":"if","locations":[{"start":{"line":18,"column":9},"end":{"line":22,"column":3}},{"start":{},"end":{}}],"line":18}},"s":{"0":12,"1":5,"2":5,"3":1,"4":5,"5":4,"6":5,"7":1,"8":5,"9":7,"10":2,"11":5,"12":1,"13":4,"14":4,"15":4},"f":{"0":12},"b":{"0":[5,7],"1":[12,11],"2":[1,4],"3":[4,1],"4":[5,4],"5":[1,4],"6":[5,4],"7":[2,5],"8":[7,6],"9":[1,4]},"_coverageSchema":"1a1c01bbd47fc00a2c39e90264f33305004495a9","hash":"dc76bc8568b1fa80178a38e856dc328d5bf8c3b6"}
}
