TN:
SF:module.js
FN:8,calculateAge
FNF:1
FNH:1
FNDA:21,calculateAge
DA:9,21
DA:10,9
DA:11,12
DA:12,4
DA:13,8
DA:14,2
DA:19,6
DA:20,6
DA:21,6
LF:9
LH:9
BRDA:9,0,0,9
BRDA:9,0,1,12
BRDA:9,1,0,21
BRDA:9,1,1,19
BRDA:9,1,2,12
BRDA:9,1,3,12
BRDA:11,2,0,4
BRDA:11,2,1,8
BRDA:11,3,0,12
BRDA:11,3,1,10
BRDA:13,4,0,2
BRDA:13,4,1,6
BRF:12
BRH:12
end_of_record
TN:
SF:validator.js
FN:9,validateAge
FN:22,validateZipCode
FN:48,validateIndentity
FN:69,validateEmail
FNF:4
FNH:4
FNDA:9,validateAge
FNDA:21,validateZipCode
FNDA:22,validateIndentity
FNDA:30,validateEmail
DA:10,9
DA:11,2
DA:13,2
DA:23,21
DA:24,4
DA:26,17
DA:27,17
DA:28,17
DA:33,3
DA:36,14
DA:37,14
DA:39,14
DA:49,22
DA:50,7
DA:52,15
DA:53,15
DA:54,2
DA:56,13
DA:58,13
DA:60,13
DA:70,30
DA:71,5
DA:73,25
DA:74,25
DA:77,23
DA:78,23
DA:80,23
LF:27
LH:27
BRDA:23,0,0,4
BRDA:23,0,1,17
BRDA:23,1,0,21
BRDA:23,1,1,20
BRDA:23,1,2,20
BRDA:28,2,0,3
BRDA:28,2,1,14
BRDA:29,3,0,17
BRDA:29,3,1,16
BRDA:29,3,2,14
BRDA:49,4,0,7
BRDA:49,4,1,15
BRDA:49,5,0,22
BRDA:49,5,1,21
BRDA:49,5,2,20
BRDA:49,5,3,16
BRDA:53,6,0,2
BRDA:53,6,1,13
BRDA:53,7,0,15
BRDA:53,7,1,14
BRDA:58,8,0,13
BRDA:58,8,1,5
BRDA:70,9,0,5
BRDA:70,9,1,25
BRDA:70,10,0,30
BRDA:70,10,1,29
BRDA:70,10,2,28
BRDA:74,11,0,2
BRDA:74,11,1,23
BRF:29
BRH:29
end_of_record
