TN:
SF:module.js
FN:8,calculateAge
FNF:1
FNH:1
FNDA:21,calculateAge
DA:9,21
DA:10,9
DA:11,12
DA:12,4
DA:13,8
DA:14,2
DA:19,6
DA:20,6
DA:21,6
LF:9
LH:9
BRDA:9,0,0,9
BRDA:9,0,1,12
BRDA:9,1,0,21
BRDA:9,1,1,19
BRDA:9,1,2,12
BRDA:9,1,3,12
BRDA:11,2,0,4
BRDA:11,2,1,8
BRDA:11,3,0,12
BRDA:11,3,1,10
BRDA:13,4,0,2
BRDA:13,4,1,6
BRF:12
BRH:12
end_of_record
TN:
SF:validator.js
FN:9,validateAge
FN:22,validateZipCode
FN:30,validateIndentity
FN:38,validateEmail
FNF:4
FNH:1
FNDA:9,validateAge
FNDA:0,validateZipCode
FNDA:0,validateIndentity
FNDA:0,validateEmail
DA:10,9
DA:11,2
DA:13,2
LF:3
LH:3
BRF:0
BRH:0
end_of_record
